<?xml version="1.0" encoding="UTF-8"?>
<testng-results ignored="0" total="1" passed="1" failed="0" skipped="0">
  <reporter-output>
  </reporter-output>
  <suite started-at="2026-01-29T12:31:30 IST" name="Default suite" finished-at="2026-01-29T12:32:07 IST" duration-ms="37779">
    <groups>
      <group name="cucumber">
        <method signature="AbstractTestNGCucumberTests.runScenario(io.cucumber.testng.PickleWrapper,io.cucumber.testng.FeatureWrapper)[pri:0, instance:runners.CucumberTestNGRunner@47289387]" name="runScenario" class="io.cucumber.testng.AbstractTestNGCucumberTests"/>
      </group> <!-- cucumber -->
    </groups>
    <test started-at="2026-01-29T12:31:30 IST" name="Default test" finished-at="2026-01-29T12:32:07 IST" duration-ms="37779">
      <class name="runners.CucumberTestNGRunner">
        <test-method is-config="true" signature="setUpClass()[pri:0, instance:runners.CucumberTestNGRunner@47289387]" started-at="2026-01-29T12:31:30 IST" name="setUpClass" finished-at="2026-01-29T12:31:30 IST" duration-ms="376" status="PASS">
          <reporter-output>
          </reporter-output>
        </test-method> <!-- setUpClass -->
        <test-method signature="runScenario(io.cucumber.testng.PickleWrapper,io.cucumber.testng.FeatureWrapper)[pri:0, instance:runners.CucumberTestNGRunner@47289387]" started-at="2026-01-29T12:31:30 IST" name="runScenario" description="Runs Cucumber Scenarios" data-provider="scenarios" finished-at="2026-01-29T12:32:07 IST" duration-ms="37330" status="PASS">
          <params>
            <param index="0">
              <value>
                <![CDATA["Test Google on 3 browsers"]]>
              </value>
            </param>
            <param index="1">
              <value>
                <![CDATA["Optional[Cross browser check]"]]>
              </value>
            </param>
          </params>
          <reporter-output>
          </reporter-output>
        </test-method> <!-- runScenario -->
        <test-method is-config="true" signature="tearDownClass()[pri:0, instance:runners.CucumberTestNGRunner@47289387]" started-at="2026-01-29T12:32:07 IST" name="tearDownClass" finished-at="2026-01-29T12:32:07 IST" duration-ms="7" status="PASS">
          <reporter-output>
          </reporter-output>
        </test-method> <!-- tearDownClass -->
      </class> <!-- runners.CucumberTestNGRunner -->
    </test> <!-- Default test -->
  </suite> <!-- Default suite -->
</testng-results>
